2025-10-23 21:51:21 - stamp_maker - INFO - GUI initialized
2025-10-23 21:52:15 - stamp_maker - INFO - Processing started: C:\Users\oresa\Downloads\スタンプ\夜 -> C:\Users\oresa\Downloads\スタンプ
2025-10-23 21:52:15 - stamp_maker - INFO - Copied 40 WebP files to line_stamp_maker
2025-10-23 21:52:18 - stamp_maker - INFO - Converted 40 files successfully
2025-10-23 21:52:18 - stamp_maker - INFO - Copied 40 PNG files to base folder
2025-10-23 21:52:19 - stamp_maker - INFO - Resized 40 files successfully
2025-10-23 21:52:19 - stamp_maker - INFO - Created main.png from Sora_1761135188539.webp
2025-10-23 21:52:19 - stamp_maker - INFO - Created tab.png from Sora_1761135173804.webp
2025-10-23 21:52:19 - stamp_maker - INFO - Created ZIP: C:\Users\oresa\Downloads\スタンプ\line_stamp_20251023_215215.zip (40 stamps)
2025-10-23 21:52:20 - stamp_maker - INFO - Processing completed successfully
2025-10-23 21:52:20 - stamp_maker - INFO - Cleaned up temporary folder: C:\Users\oresa\AppData\Local\Temp\line_stamp_jidsiwla
2025-10-23 22:10:23 - stamp_maker - INFO - Processing started: C:\Users\oresa\Downloads\スタンプ\日本語マフラー -> C:\Users\oresa\Downloads\スタンプ
2025-10-23 22:10:23 - stamp_maker - INFO - Copied 39 WebP files to line_stamp_maker
2025-10-23 22:10:26 - stamp_maker - INFO - Converted 39 files successfully
2025-10-23 22:10:26 - stamp_maker - INFO - Copied 39 PNG files to base folder
2025-10-23 22:10:27 - stamp_maker - INFO - Resized 39 files successfully
2025-10-23 22:10:27 - stamp_maker - INFO - Created main.png from Sora_1761212117089.webp
2025-10-23 22:10:27 - stamp_maker - INFO - Created tab.png from Sora_1761212115135.webp
2025-10-23 22:10:28 - stamp_maker - INFO - Created ZIP: C:\Users\oresa\Downloads\スタンプ\line_stamp_20251023_221023.zip (39 stamps)
2025-10-23 22:10:28 - stamp_maker - INFO - Processing completed successfully
2025-10-23 22:10:28 - stamp_maker - INFO - Cleaned up temporary folder: C:\Users\oresa\AppData\Local\Temp\line_stamp_1sl4w9u1
2025-10-23 22:14:48 - stamp_maker - INFO - Processing started: C:\Users\oresa\Downloads\スタンプ\日本語マフラー -> C:\Users\oresa\Downloads\スタンプ
2025-10-23 22:14:48 - stamp_maker - INFO - Copied 40 WebP files to line_stamp_maker
2025-10-23 22:14:51 - stamp_maker - INFO - Converted 40 files successfully
2025-10-23 22:14:51 - stamp_maker - INFO - Copied 40 PNG files to base folder
2025-10-23 22:14:53 - stamp_maker - INFO - Resized 40 files successfully
2025-10-23 22:14:53 - stamp_maker - INFO - Created main.png from Sora_1761212117089.webp
2025-10-23 22:14:53 - stamp_maker - INFO - Created tab.png from Sora_1761212115135.webp
2025-10-23 22:14:54 - stamp_maker - INFO - Created ZIP: C:\Users\oresa\Downloads\スタンプ\line_stamp_20251023_221448.zip (40 stamps)
2025-10-23 22:14:54 - stamp_maker - INFO - Processing completed successfully
2025-10-23 22:14:54 - stamp_maker - INFO - Cleaned up temporary folder: C:\Users\oresa\AppData\Local\Temp\line_stamp_i0767n9l
